<?xml version="1.0" encoding="UTF-8"?>
<testsuite xmlns:xsi="http://www.w3.org/2001/XMLSchema-instance" xsi:noNamespaceSchemaLocation="https://maven.apache.org/surefire/maven-surefire-plugin/xsd/surefire-test-report-3.0.xsd" version="3.0" name="com.alphacli.app.AppTest" time="0.067" tests="1" errors="0" skipped="0" failures="0">
  <properties>
    <property name="java.specification.version" value="23"/>
    <property name="sun.cpu.isalist" value="amd64"/>
    <property name="sun.jnu.encoding" value="Cp1252"/>
    <property name="java.class.path" value="C:\Users\localho3t\Desktop\freelancer\java\alphacli-app\target\test-classes;C:\Users\localho3t\Desktop\freelancer\java\alphacli-app\target\classes;C:\Users\localho3t\.m2\repository\junit\junit\3.8.1\junit-3.8.1.jar;C:\Users\localho3t\.m2\repository\commons-cli\commons-cli\1.5.0\commons-cli-1.5.0.jar;C:\Users\localho3t\.m2\repository\dnsjava\dnsjava\3.6.0\dnsjava-3.6.0.jar;C:\Users\localho3t\.m2\repository\org\slf4j\slf4j-api\1.7.36\slf4j-api-1.7.36.jar;C:\Users\localho3t\.m2\repository\com\itextpdf\barcodes\7.2.5\barcodes-7.2.5.jar;C:\Users\localho3t\.m2\repository\com\itextpdf\font-asian\7.2.5\font-asian-7.2.5.jar;C:\Users\localho3t\.m2\repository\com\itextpdf\forms\7.2.5\forms-7.2.5.jar;C:\Users\localho3t\.m2\repository\com\itextpdf\hyph\7.2.5\hyph-7.2.5.jar;C:\Users\localho3t\.m2\repository\com\itextpdf\io\7.2.5\io-7.2.5.jar;C:\Users\localho3t\.m2\repository\com\itextpdf\commons\7.2.5\commons-7.2.5.jar;C:\Users\localho3t\.m2\repository\com\itextpdf\kernel\7.2.5\kernel-7.2.5.jar;C:\Users\localho3t\.m2\repository\org\bouncycastle\bcpkix-jdk15on\1.70\bcpkix-jdk15on-1.70.jar;C:\Users\localho3t\.m2\repository\org\bouncycastle\bcutil-jdk15on\1.70\bcutil-jdk15on-1.70.jar;C:\Users\localho3t\.m2\repository\org\bouncycastle\bcprov-jdk15on\1.70\bcprov-jdk15on-1.70.jar;C:\Users\localho3t\.m2\repository\com\itextpdf\layout\7.2.5\layout-7.2.5.jar;C:\Users\localho3t\.m2\repository\com\itextpdf\pdfa\7.2.5\pdfa-7.2.5.jar;C:\Users\localho3t\.m2\repository\com\itextpdf\sign\7.2.5\sign-7.2.5.jar;C:\Users\localho3t\.m2\repository\com\itextpdf\styled-xml-parser\7.2.5\styled-xml-parser-7.2.5.jar;C:\Users\localho3t\.m2\repository\com\itextpdf\svg\7.2.5\svg-7.2.5.jar;"/>
    <property name="java.vm.vendor" value="Oracle Corporation"/>
    <property name="sun.arch.data.model" value="64"/>
    <property name="user.variant" value=""/>
    <property name="java.vendor.url" value="https://java.oracle.com/"/>
    <property name="user.timezone" value="Asia/Tehran"/>
    <property name="os.name" value="Windows 10"/>
    <property name="java.vm.specification.version" value="23"/>
    <property name="sun.java.launcher" value="SUN_STANDARD"/>
    <property name="user.country" value="US"/>
    <property name="sun.boot.library.path" value="C:\Program Files\Java\jdk-23\bin"/>
    <property name="sun.java.command" value="C:\Users\localho3t\AppData\Local\Temp\surefire14971597083252886900\surefirebooter-20250514202709511_3.jar C:\Users\localho3t\AppData\Local\Temp\surefire14971597083252886900 2025-05-14T20-27-09_326-jvmRun1 surefire-20250514202709511_1tmp surefire_0-20250514202709511_2tmp"/>
    <property name="jdk.debug" value="release"/>
    <property name="surefire.test.class.path" value="C:\Users\localho3t\Desktop\freelancer\java\alphacli-app\target\test-classes;C:\Users\localho3t\Desktop\freelancer\java\alphacli-app\target\classes;C:\Users\localho3t\.m2\repository\junit\junit\3.8.1\junit-3.8.1.jar;C:\Users\localho3t\.m2\repository\commons-cli\commons-cli\1.5.0\commons-cli-1.5.0.jar;C:\Users\localho3t\.m2\repository\dnsjava\dnsjava\3.6.0\dnsjava-3.6.0.jar;C:\Users\localho3t\.m2\repository\org\slf4j\slf4j-api\1.7.36\slf4j-api-1.7.36.jar;C:\Users\localho3t\.m2\repository\com\itextpdf\barcodes\7.2.5\barcodes-7.2.5.jar;C:\Users\localho3t\.m2\repository\com\itextpdf\font-asian\7.2.5\font-asian-7.2.5.jar;C:\Users\localho3t\.m2\repository\com\itextpdf\forms\7.2.5\forms-7.2.5.jar;C:\Users\localho3t\.m2\repository\com\itextpdf\hyph\7.2.5\hyph-7.2.5.jar;C:\Users\localho3t\.m2\repository\com\itextpdf\io\7.2.5\io-7.2.5.jar;C:\Users\localho3t\.m2\repository\com\itextpdf\commons\7.2.5\commons-7.2.5.jar;C:\Users\localho3t\.m2\repository\com\itextpdf\kernel\7.2.5\kernel-7.2.5.jar;C:\Users\localho3t\.m2\repository\org\bouncycastle\bcpkix-jdk15on\1.70\bcpkix-jdk15on-1.70.jar;C:\Users\localho3t\.m2\repository\org\bouncycastle\bcutil-jdk15on\1.70\bcutil-jdk15on-1.70.jar;C:\Users\localho3t\.m2\repository\org\bouncycastle\bcprov-jdk15on\1.70\bcprov-jdk15on-1.70.jar;C:\Users\localho3t\.m2\repository\com\itextpdf\layout\7.2.5\layout-7.2.5.jar;C:\Users\localho3t\.m2\repository\com\itextpdf\pdfa\7.2.5\pdfa-7.2.5.jar;C:\Users\localho3t\.m2\repository\com\itextpdf\sign\7.2.5\sign-7.2.5.jar;C:\Users\localho3t\.m2\repository\com\itextpdf\styled-xml-parser\7.2.5\styled-xml-parser-7.2.5.jar;C:\Users\localho3t\.m2\repository\com\itextpdf\svg\7.2.5\svg-7.2.5.jar;"/>
    <property name="sun.cpu.endian" value="little"/>
    <property name="user.home" value="C:\Users\localho3t"/>
    <property name="user.language" value="en"/>
    <property name="java.specification.vendor" value="Oracle Corporation"/>
    <property name="java.version.date" value="2024-09-17"/>
    <property name="java.home" value="C:\Program Files\Java\jdk-23"/>
    <property name="file.separator" value="\"/>
    <property name="basedir" value="C:\Users\localho3t\Desktop\freelancer\java\alphacli-app"/>
    <property name="java.vm.compressedOopsMode" value="Zero based"/>
    <property name="line.separator" value="&#10;"/>
    <property name="java.vm.specification.vendor" value="Oracle Corporation"/>
    <property name="java.specification.name" value="Java Platform API Specification"/>
    <property name="surefire.real.class.path" value="C:\Users\localho3t\AppData\Local\Temp\surefire14971597083252886900\surefirebooter-20250514202709511_3.jar"/>
    <property name="user.script" value=""/>
    <property name="sun.management.compiler" value="HotSpot 64-Bit Tiered Compilers"/>
    <property name="java.runtime.version" value="23+37-2369"/>
    <property name="user.name" value="localho3t"/>
    <property name="stdout.encoding" value="Cp1252"/>
    <property name="path.separator" value=";"/>
    <property name="os.version" value="10.0"/>
    <property name="java.runtime.name" value="Java(TM) SE Runtime Environment"/>
    <property name="file.encoding" value="UTF-8"/>
    <property name="java.vm.name" value="Java HotSpot(TM) 64-Bit Server VM"/>
    <property name="localRepository" value="C:\Users\localho3t\.m2\repository"/>
    <property name="java.vendor.url.bug" value="https://bugreport.java.com/bugreport/"/>
    <property name="java.io.tmpdir" value="C:\Users\LOCALH~1\AppData\Local\Temp\"/>
    <property name="java.version" value="23"/>
    <property name="user.dir" value="C:\Users\localho3t\Desktop\freelancer\java\alphacli-app"/>
    <property name="os.arch" value="amd64"/>
    <property name="java.vm.specification.name" value="Java Virtual Machine Specification"/>
    <property name="sun.os.patch.level" value=""/>
    <property name="native.encoding" value="Cp1252"/>
    <property name="java.library.path" value="C:\Program Files\Java\jdk-23\bin;C:\Windows\Sun\Java\bin;C:\Windows\system32;C:\Windows;C:\Program Files\Common Files\Oracle\Java\javapath;C:\Program Files\ImageMagick-7.1.1-Q16-HDRI;C:\Program Files (x86)\NVIDIA Corporation\PhysX\Common;C:\Windows\system32;C:\Windows;C:\Windows\System32\Wbem;C:\Windows\System32\WindowsPowerShell\v1.0\;C:\Windows\System32\OpenSSH\;C:\Program Files\dotnet\;C:\Program Files\Git\cmd;C:\Program Files\nodejs\;C:\Program Files (x86)\sbt\bin;C:\Users\localho3t\Desktop\apache-maven-3.9.9\bin;C:\hadoop\sbin;C:\hadoop\bin;;C:\Program Files\Docker\Docker\resources\bin;C:\Program Files (x86)\Windows Kits\10\Windows Performance Toolkit\;C:\Program Files\MySQL\MySQL Shell 8.0\bin\;C:\Users\localho3t\AppData\Local\Programs\Python\Python312\Scripts\;C:\Users\localho3t\AppData\Local\Programs\Python\Python312\;C:\Users\localho3t\AppData\Local\Microsoft\WindowsApps;C:\Users\localho3t\AppData\Local\Programs\Microsoft VS Code\bin;C:\xampp\php;C:\Users\localho3t\AppData\Local\ComposerSetup\bin;C:\Users\localho3t\AppData\Roaming\Composer\vendor\bin;C:\Users\localho3t\AppData\Roaming\npm;C:\Users\localho3t\AppData\Local\Coursier\cache\arc\https\github.com\adoptium\temurin11-binaries\releases\download\jdk-11.0.24%252B8\OpenJDK11U-jdk_x64_windows_hotspot_11.0.24_8.zip\jdk-11.0.24+8\bin;C:\Users\localho3t\AppData\Local\Coursier\data\bin;C:\Users\localho3t\.cache\lm-studio\bin;."/>
    <property name="java.vm.info" value="mixed mode, sharing"/>
    <property name="stderr.encoding" value="Cp1252"/>
    <property name="java.vendor" value="Oracle Corporation"/>
    <property name="java.vm.version" value="23+37-2369"/>
    <property name="sun.io.unicode.encoding" value="UnicodeLittle"/>
    <property name="java.class.version" value="67.0"/>
  </properties>
  <testcase name="testApp" classname="com.alphacli.app.AppTest" time="0.004"/>
</testsuite>